生成启动时间为 2015/5/7 14:18:38。
     1>项目“C:\Users\zhangqics\Documents\Visual Studio 2013\Projects\有向图邻接矩阵\图1\图1.vcxproj”在节点 2 上(Build 个目标)。
     1>ClCompile:
         C:\Program Files (x86)\Microsoft Visual Studio 12.0\VC\bin\CL.exe /c /ZI /nologo /W3 /WX- /Od /Oy- /D WIN32 /D _DEBUG /D _CONSOLE /D _LIB /D _UNICODE /D UNICODE /Gm /EHsc /RTC1 /MDd /GS /fp:precise /Zc:wchar_t /Zc:forScope /Fo"Debug\\" /Fd"Debug\vc120.pdb" /Gd /TP /analyze- /errorReport:prompt main.cpp
         main.cpp
     1>c:\users\zhangqics\documents\visual studio 2013\projects\有向图邻接矩阵\图1\map.h(80): warning C4244: “参数”: 从“time_t”转换到“unsigned int”，可能丢失数据
     1>c:\users\zhangqics\documents\visual studio 2013\projects\有向图邻接矩阵\图1\map.h(155): warning C4244: “参数”: 从“time_t”转换到“unsigned int”，可能丢失数据
     1>c:\users\zhangqics\documents\visual studio 2013\projects\有向图邻接矩阵\图1\map.h(191): warning C4258: “k”: 忽略 For 循环中的定义；使用封闭范围中的定义
                 c:\users\zhangqics\documents\visual studio 2013\projects\有向图邻接矩阵\图1\map.h(159) : 忽略“k”的定义
                 c:\users\zhangqics\documents\visual studio 2013\projects\有向图邻接矩阵\图1\map.h(175) : 使用“k”的定义
     1>c:\users\zhangqics\documents\visual studio 2013\projects\有向图邻接矩阵\图1\map.h(192): warning C4258: “k”: 忽略 For 循环中的定义；使用封闭范围中的定义
                 c:\users\zhangqics\documents\visual studio 2013\projects\有向图邻接矩阵\图1\map.h(159) : 忽略“k”的定义
                 c:\users\zhangqics\documents\visual studio 2013\projects\有向图邻接矩阵\图1\map.h(175) : 使用“k”的定义
     1>c:\users\zhangqics\documents\visual studio 2013\projects\有向图邻接矩阵\图1\map.h(193): warning C4258: “k”: 忽略 For 循环中的定义；使用封闭范围中的定义
                 c:\users\zhangqics\documents\visual studio 2013\projects\有向图邻接矩阵\图1\map.h(159) : 忽略“k”的定义
                 c:\users\zhangqics\documents\visual studio 2013\projects\有向图邻接矩阵\图1\map.h(175) : 使用“k”的定义
       Link:
         C:\Program Files (x86)\Microsoft Visual Studio 12.0\VC\bin\link.exe /ERRORREPORT:PROMPT /OUT:"C:\Users\zhangqics\Documents\Visual Studio 2013\Projects\有向图邻接矩阵\Debug\图1.exe" /INCREMENTAL /NOLOGO kernel32.lib user32.lib gdi32.lib winspool.lib comdlg32.lib advapi32.lib shell32.lib ole32.lib oleaut32.lib uuid.lib odbc32.lib odbccp32.lib /MANIFEST /MANIFESTUAC:"level='asInvoker' uiAccess='false'" /manifest:embed /DEBUG /PDB:"C:\Users\zhangqics\Documents\Visual Studio 2013\Projects\有向图邻接矩阵\Debug\图1.pdb" /SUBSYSTEM:CONSOLE /TLBID:1 /DYNAMICBASE /NXCOMPAT /IMPLIB:"C:\Users\zhangqics\Documents\Visual Studio 2013\Projects\有向图邻接矩阵\Debug\图1.lib" /MACHINE:X86 Debug\main.obj
         图1.vcxproj -> C:\Users\zhangqics\Documents\Visual Studio 2013\Projects\有向图邻接矩阵\Debug\图1.exe
     1>已完成生成项目“C:\Users\zhangqics\Documents\Visual Studio 2013\Projects\有向图邻接矩阵\图1\图1.vcxproj”(Build 个目标)的操作。

生成成功。

已用时间 00:00:02.89
